05/05/2016 - 21:24 - Iniciando criacao do container...
05/05/2016 - 21:24 - Executando comando apt-get update 
05/05/2016 - 21:24 - Comando finalizado...
05/05/2016 - 21:24 - Executando comando apt-get install nginx -y 
05/05/2016 - 21:25 - Comando finalizado...
05/05/2016 - 21:25 - Executando comando service nginx restart 
05/05/2016 - 21:25 - Comando finalizado...
05/05/2016 - 21:25 - Buscando container
05/05/2016 - 21:25 - Busca finalizada
05/05/2016 - 21:36 - Removendo container provisionamento.pys
05/05/2016 - 21:36 - Remocao finalizada...
05/05/2016 - 21:36 - Removendo container Mysql2s
05/05/2016 - 21:36 - Remocao finalizada...
05/05/2016 - 21:37 - Removendo container Webserver2s
05/05/2016 - 21:37 - Remocao finalizada...
05/05/2016 - 21:37 - Removendo container Webapache2s
05/05/2016 - 21:37 - Remocao finalizada...
05/05/2016 - 21:37 - Removendo container Webapache2s
05/05/2016 - 21:37 - Remocao finalizada...
05/05/2016 - 21:38 - Removendo container pythons
05/05/2016 - 21:38 - Remocao finalizada...
05/05/2016 - 21:38 - Removendo container Servidors
05/05/2016 - 21:38 - Remocao finalizada...
05/05/2016 - 21:39 - Iniciando criacao do container...
05/05/2016 - 21:39 - Executando comando apt-get update 
05/05/2016 - 21:40 - Comando finalizado...
05/05/2016 - 21:40 - Executando comando apt-get install apache2 -y 
05/05/2016 - 21:41 - Comando finalizado...
05/05/2016 - 21:41 - Executando comando service apache2 restart 
05/05/2016 - 21:41 - Comando finalizado...
05/05/2016 - 21:41 - Buscando container...
05/05/2016 - 21:41 - Busca finalizada
